<?xml version="1.0" encoding="UTF-8"?>
<!-- Generated by org.testng.reporters.JUnitXMLReporter -->
<testsuite ignored="0" hostname="DESKTOP-FKO27MT" failures="0" tests="6" name="Default test" time="6.59" errors="0" timestamp="2024-02-12T18:47:55 EST">
  <testcase classname="api.test.DDTests" name="testPostUser" time="3.235"/>
  <testcase classname="api.test.DDTests" name="testPostUser" time="0.132"/>
  <testcase classname="api.test.DDTests" name="testPostUser" time="0.104"/>
  <testcase classname="api.test.DDTests" name="testDeleteUserByName" time="0.155"/>
  <testcase classname="api.test.DDTests" name="testDeleteUserByName" time="0.103"/>
  <testcase classname="api.test.DDTests" name="testDeleteUserByName" time="0.105"/>
</testsuite> <!-- Default test -->
