<?xml version="1.0" encoding="UTF-8"?>
<!-- Generated by org.testng.reporters.JUnitXMLReporter -->
<testsuite ignored="0" hostname="DESKTOP-FKO27MT" failures="0" tests="4" name="UserTest" time="6.259" errors="0" timestamp="2024-02-13T08:08:59 EST">
  <testcase classname="api.test.UserTest2" name="testPostUser" time="3.754"/>
  <testcase classname="api.test.UserTest2" name="testGetUser" time="0.197"/>
  <testcase classname="api.test.UserTest2" name="testUpdateUser" time="0.23"/>
  <testcase classname="api.test.UserTest2" name="testDeleteUser" time="0.12"/>
</testsuite> <!-- UserTest -->
