<?xml version="1.0" encoding="UTF-8"?>
<testng-results ignored="0" total="4" passed="4" failed="0" skipped="0">
  <reporter-output>
  </reporter-output>
  <suite started-at="2024-02-13T08:08:52 EST" name="UserSuite" finished-at="2024-02-13T08:08:59 EST" duration-ms="6259">
    <groups>
    </groups>
    <test started-at="2024-02-13T08:08:52 EST" name="UserTest" finished-at="2024-02-13T08:08:59 EST" duration-ms="6259">
      <class name="api.test.UserTest2">
        <test-method is-config="true" signature="setup()[pri:0, instance:api.test.UserTest2@a9cd3b1]" started-at="2024-02-13T08:08:53 EST" name="setup" finished-at="2024-02-13T08:08:54 EST" duration-ms="1439" status="PASS">
          <reporter-output>
          </reporter-output>
        </test-method> <!-- setup -->
        <test-method signature="testPostUser()[pri:1, instance:api.test.UserTest2@a9cd3b1]" started-at="2024-02-13T08:08:54 EST" name="testPostUser" finished-at="2024-02-13T08:08:58 EST" duration-ms="3754" status="PASS">
          <reporter-output>
          </reporter-output>
        </test-method> <!-- testPostUser -->
        <test-method signature="testGetUser()[pri:2, instance:api.test.UserTest2@a9cd3b1]" started-at="2024-02-13T08:08:58 EST" name="testGetUser" finished-at="2024-02-13T08:08:58 EST" duration-ms="197" status="PASS">
          <reporter-output>
          </reporter-output>
        </test-method> <!-- testGetUser -->
        <test-method signature="testUpdateUser()[pri:3, instance:api.test.UserTest2@a9cd3b1]" started-at="2024-02-13T08:08:58 EST" name="testUpdateUser" finished-at="2024-02-13T08:08:58 EST" duration-ms="230" status="PASS">
          <reporter-output>
          </reporter-output>
        </test-method> <!-- testUpdateUser -->
        <test-method signature="testDeleteUser()[pri:4, instance:api.test.UserTest2@a9cd3b1]" started-at="2024-02-13T08:08:58 EST" name="testDeleteUser" finished-at="2024-02-13T08:08:59 EST" duration-ms="120" status="PASS">
          <reporter-output>
          </reporter-output>
        </test-method> <!-- testDeleteUser -->
      </class> <!-- api.test.UserTest2 -->
    </test> <!-- UserTest -->
  </suite> <!-- UserSuite -->
</testng-results>
