<?xml version="1.0" encoding="UTF-8"?>
<testng-results ignored="0" total="4" passed="4" failed="0" skipped="0">
  <reporter-output>
  </reporter-output>
  <suite started-at="2024-02-13T07:19:14 EST" name="UserSuite" finished-at="2024-02-13T07:19:20 EST" duration-ms="6063">
    <groups>
    </groups>
    <test started-at="2024-02-13T07:19:14 EST" name="UserTest" finished-at="2024-02-13T07:19:20 EST" duration-ms="6063">
      <class name="api.test.UserTest2">
        <test-method is-config="true" signature="setup()[pri:0, instance:api.test.UserTest2@4d5650ae]" started-at="2024-02-13T07:19:15 EST" name="setup" finished-at="2024-02-13T07:19:16 EST" duration-ms="1370" status="PASS">
          <reporter-output>
          </reporter-output>
        </test-method> <!-- setup -->
        <test-method signature="testPostUser()[pri:1, instance:api.test.UserTest2@4d5650ae]" started-at="2024-02-13T07:19:16 EST" name="testPostUser" finished-at="2024-02-13T07:19:20 EST" duration-ms="3427" status="PASS">
          <reporter-output>
          </reporter-output>
        </test-method> <!-- testPostUser -->
        <test-method signature="testGetUser()[pri:2, instance:api.test.UserTest2@4d5650ae]" started-at="2024-02-13T07:19:20 EST" name="testGetUser" finished-at="2024-02-13T07:19:20 EST" duration-ms="239" status="PASS">
          <reporter-output>
          </reporter-output>
        </test-method> <!-- testGetUser -->
        <test-method signature="testUpdateUser()[pri:3, instance:api.test.UserTest2@4d5650ae]" started-at="2024-02-13T07:19:20 EST" name="testUpdateUser" finished-at="2024-02-13T07:19:20 EST" duration-ms="248" status="PASS">
          <reporter-output>
          </reporter-output>
        </test-method> <!-- testUpdateUser -->
        <test-method signature="testDeleteUser()[pri:4, instance:api.test.UserTest2@4d5650ae]" started-at="2024-02-13T07:19:20 EST" name="testDeleteUser" finished-at="2024-02-13T07:19:20 EST" duration-ms="114" status="PASS">
          <reporter-output>
          </reporter-output>
        </test-method> <!-- testDeleteUser -->
      </class> <!-- api.test.UserTest2 -->
    </test> <!-- UserTest -->
  </suite> <!-- UserSuite -->
</testng-results>
